<?xml version="1.0" encoding="UTF-8"?>
<Site BuildName="(empty)"
	BuildStamp="20230504-0631-Experimental"
	Name="(empty)"
	Generator="ctest-3.24.2"
	CompilerName=""
	CompilerVersion=""
	OSName="Linux"
	Hostname="Elliemer2"
	OSRelease="5.19.0-41-generic"
	OSVersion="#42-Ubuntu SMP PREEMPT_DYNAMIC Mon Apr 17 19:17:03 UTC 2023"
	OSPlatform="x86_64"
	Is64Bits="1"
	VendorString="GenuineIntel"
	VendorID="Intel Corporation"
	FamilyID="6"
	ModelID="60"
	ProcessorCacheSize="4096"
	NumberOfLogicalCPU="4"
	NumberOfPhysicalCPU="2"
	TotalVirtualMemory="2047"
	TotalPhysicalMemory="15879"
	LogicalProcessorsPerPhysical="2"
	ProcessorClockFrequency="3304.11"
	>
	<Testing>
		<StartDateTime>May 04 08:31 CEST</StartDateTime>
		<StartTestTime>1683181886</StartTestTime>
		<TestList/>
		<EndDateTime>May 04 08:31 CEST</EndDateTime>
		<EndTestTime>1683181886</EndTestTime>
		<ElapsedMinutes>0</ElapsedMinutes>
	</Testing>
</Site>
